Traceback (most recent call last):
  File "/opt/anaconda3/envs/xaitools/lib/python3.6/site-packages/jupyter_cache/executors/utils.py", line 56, in single_nb_execution
    record_timing=False,
  File "/opt/anaconda3/envs/xaitools/lib/python3.6/site-packages/nbclient/client.py", line 1112, in execute
    return NotebookClient(nb=nb, resources=resources, km=km, **kwargs).execute()
  File "/opt/anaconda3/envs/xaitools/lib/python3.6/site-packages/nbclient/util.py", line 74, in wrapped
    return just_run(coro(*args, **kwargs))
  File "/opt/anaconda3/envs/xaitools/lib/python3.6/site-packages/nbclient/util.py", line 53, in just_run
    return loop.run_until_complete(coro)
  File "/opt/anaconda3/envs/xaitools/lib/python3.6/asyncio/base_events.py", line 488, in run_until_complete
    return future.result()
  File "/opt/anaconda3/envs/xaitools/lib/python3.6/site-packages/nbclient/client.py", line 554, in async_execute
    cell, index, execution_count=self.code_cells_executed + 1
  File "/opt/anaconda3/envs/xaitools/lib/python3.6/site-packages/nbclient/client.py", line 857, in async_execute_cell
    self._check_raise_for_error(cell, exec_reply)
  File "/opt/anaconda3/envs/xaitools/lib/python3.6/site-packages/nbclient/client.py", line 760, in _check_raise_for_error
    raise CellExecutionError.from_cell_and_msg(cell, exec_reply_content)
nbclient.exceptions.CellExecutionError: An error occurred while executing the following cell:
------------------
## Load Data and preparing datasets

# Import for Load Data
from os import listdir
from os.path import isfile, join
import pandas as pd
# Import for Split Data into Training and Testing Samples
from sklearn.model_selection import train_test_split

# Import for Construct a black-box model (Regression and Random Forests)
import statsmodels.api as sm
from statsmodels.formula.api import ols
from sklearn.ensemble import RandomForestClassifier
from sklearn.linear_model import LogisticRegression

# Define functions

def generate_heatmap(X_input):
    corrmat = X_input.corr(method='spearman')
    top_corr_features = corrmat.index


    # Visualise a lower-triangle correlation heatmap
    mask_df = np.triu(np.ones(corrmat.shape)).astype(np.bool)
    plt.figure(figsize=(10,8))
    #plot heat map
    g=sns.heatmap(X_input[top_corr_features].corr(), 
                  mask = mask_df, 
                  vmin = -1,
                  vmax = 1,
                  annot=True,
                  cmap="RdBu")


train_dataset = pd.read_csv(("../../datasets/lucene-2.9.0.csv"), index_col = 'File')
test_dataset = pd.read_csv(("../../datasets/lucene-3.0.0.csv"), index_col = 'File')

outcome = 'RealBug'
features = ['OWN_COMMIT', 'Added_lines', 'CountClassCoupled', 'AvgLine', 'RatioCommentToCode']

# process outcome to 0 and 1
train_dataset[outcome] = pd.Categorical(train_dataset[outcome])
train_dataset[outcome] = train_dataset[outcome].cat.codes

test_dataset[outcome] = pd.Categorical(test_dataset[outcome])
test_dataset[outcome] = test_dataset[outcome].cat.codes

X_train = train_dataset.loc[:, features]
X_test = test_dataset.loc[:, features]

y_train = train_dataset.loc[:, outcome]
y_test = test_dataset.loc[:, outcome]


# commits - # of commits that modify the file of interest
# Added lines - # of added lines of code
# Count class coupled - # of classes that interact or couple with the class of interest
# LOC - # of lines of code
# RatioCommentToCode - The ratio of lines of comments to lines of code
features = ['nCommit', 'AddedLOC', 'nCoupledClass', 'LOC', 'CommentToCodeRatio']

X_train.columns = features
X_test.columns = features
training_data = pd.concat([X_train, y_train], axis=1)
testing_data = pd.concat([X_test, y_test], axis=1)

## Construct a black-box model (Random Forests)

# random forests
rf_model = RandomForestClassifier(random_state=1234, n_jobs = 10)
rf_model.fit(X_train, y_train)  
------------------

[0;31m----------------------------------------------------------------[0m
[0;31mModuleNotFoundError[0m            Traceback (most recent call last)
[0;32m<ipython-input-1-43d96e01af7d>[0m in [0;36m<module>[0;34m[0m
[1;32m      9[0m [0;34m[0m[0m
[1;32m     10[0m [0;31m# Import for Construct a black-box model (Regression and Random Forests)[0m[0;34m[0m[0;34m[0m[0;34m[0m[0m
[0;32m---> 11[0;31m [0;32mimport[0m [0mstatsmodels[0m[0;34m.[0m[0mapi[0m [0;32mas[0m [0msm[0m[0;34m[0m[0;34m[0m[0m
[0m[1;32m     12[0m [0;32mfrom[0m [0mstatsmodels[0m[0;34m.[0m[0mformula[0m[0;34m.[0m[0mapi[0m [0;32mimport[0m [0mols[0m[0;34m[0m[0;34m[0m[0m
[1;32m     13[0m [0;32mfrom[0m [0msklearn[0m[0;34m.[0m[0mensemble[0m [0;32mimport[0m [0mRandomForestClassifier[0m[0;34m[0m[0;34m[0m[0m

[0;31mModuleNotFoundError[0m: No module named 'statsmodels'
ModuleNotFoundError: No module named 'statsmodels'

