Traceback (most recent call last):
  File "/home/michael/.local/lib/python3.9/site-packages/jupyter_cache/executors/utils.py", line 51, in single_nb_execution
    executenb(
  File "/home/michael/.local/lib/python3.9/site-packages/nbclient/client.py", line 1117, in execute
    return NotebookClient(nb=nb, resources=resources, km=km, **kwargs).execute()
  File "/home/michael/.local/lib/python3.9/site-packages/nbclient/util.py", line 78, in wrapped
    return just_run(coro(*args, **kwargs))
  File "/home/michael/.local/lib/python3.9/site-packages/nbclient/util.py", line 57, in just_run
    return loop.run_until_complete(coro)
  File "/home/michael/.conda/envs/xaitools/lib/python3.9/asyncio/base_events.py", line 642, in run_until_complete
    return future.result()
  File "/home/michael/.local/lib/python3.9/site-packages/nbclient/client.py", line 558, in async_execute
    await self.async_execute_cell(
  File "/home/michael/.local/lib/python3.9/site-packages/nbclient/client.py", line 862, in async_execute_cell
    self._check_raise_for_error(cell, exec_reply)
  File "/home/michael/.local/lib/python3.9/site-packages/nbclient/client.py", line 765, in _check_raise_for_error
    raise CellExecutionError.from_cell_and_msg(cell, exec_reply_content)
nbclient.exceptions.CellExecutionError: An error occurred while executing the following cell:
------------------
## Load Data and preparing datasets

# Import for Load Data
from os import listdir
from os.path import isfile, join
import pandas as pd

# Import for Split Data into Training and Testing Samples
from sklearn.model_selection import train_test_split

# Import for Construct a black-box model (Random Forests)
import statsmodels.api as sm
from statsmodels.formula.api import ols
from sklearn.ensemble import RandomForestClassifier

# Import for LIME
import lime
import lime.lime_tabular

train_dataset = pd.read_csv(("../../datasets/lucene-2.9.0.csv"), index_col = 'File')
test_dataset = pd.read_csv(("../../datasets/lucene-3.0.0.csv"), index_col = 'File')

outcome = 'RealBug'
features = ['OWN_COMMIT', 'Added_lines', 'CountClassCoupled', 'AvgLine', 'RatioCommentToCode']

# process outcome to 0 and 1
train_dataset[outcome] = pd.Categorical(train_dataset[outcome])
train_dataset[outcome] = train_dataset[outcome].cat.codes

test_dataset[outcome] = pd.Categorical(test_dataset[outcome])
test_dataset[outcome] = test_dataset[outcome].cat.codes

X_train = train_dataset.loc[:, features]
X_test = test_dataset.loc[:, features]

y_train = train_dataset.loc[:, outcome]
y_test = test_dataset.loc[:, outcome]


# commits - # of commits that modify the file of interest
# Added lines - # of added lines of code
# Count class coupled - # of classes that interact or couple with the class of interest
# LOC - # of lines of code
# RatioCommentToCode - The ratio of lines of comments to lines of code
features = ['nCommit', 'AddedLOC', 'nCoupledClass', 'LOC', 'CommentToCodeRatio']

X_train.columns = features
X_test.columns = features
training_data = pd.concat([X_train, y_train], axis=1)
testing_data = pd.concat([X_test, y_test], axis=1)

## Construct a black-box model (Random Forests)

# random forests
rf_model = RandomForestClassifier(random_state=1234, n_jobs = 10)
rf_model.fit(X_train, y_train)  

# construct a lime explainer
lime_explainer = lime.lime_tabular.LimeTabularExplainer(
                            training_data = X_train.values,  
                            mode='classification',
                            training_labels=y_train,
                            feature_names=features,
                            class_names = ['Clean', 'Defective'],
                            discretize_continuous=True,
                            random_state = 1234)


# random an instance that is predicted as defective for generating a visual example
# src/java/org/apache/lucene/index/DocumentsWriter.java
print('src/java/org/apache/lucene/index/DocumentsWriter.java is likely to be defective with the probability of', rf_model.predict_proba(X_test.loc['src/java/org/apache/lucene/index/DocumentsWriter.java':, :].iloc[0:1,:])[0][1])

# generate a LIME local explanation of the instance
lime_local_explanation = lime_explainer.explain_instance(
                            data_row = X_test.loc['src/java/org/apache/lucene/index/DocumentsWriter.java',:], 
                            predict_fn = rf_model.predict_proba, 
                            num_features=5,
                            top_labels=1)

# textual explanation
print(lime_local_explanation.as_list(label= lime_local_explanation.available_labels()[0]))

# visual LIME
lime_local_explanation.show_in_notebook()
------------------

[0;31m---------------------------------------------------------------------------[0m
[0;31mImportError[0m                               Traceback (most recent call last)
[0;32m/tmp/ipykernel_3379983/1127894913.py[0m in [0;36m<module>[0;34m[0m
[1;32m      4[0m [0;32mfrom[0m [0mos[0m [0;32mimport[0m [0mlistdir[0m[0;34m[0m[0;34m[0m[0m
[1;32m      5[0m [0;32mfrom[0m [0mos[0m[0;34m.[0m[0mpath[0m [0;32mimport[0m [0misfile[0m[0;34m,[0m [0mjoin[0m[0;34m[0m[0;34m[0m[0m
[0;32m----> 6[0;31m [0;32mimport[0m [0mpandas[0m [0;32mas[0m [0mpd[0m[0;34m[0m[0;34m[0m[0m
[0m[1;32m      7[0m [0;34m[0m[0m
[1;32m      8[0m [0;31m# Import for Split Data into Training and Testing Samples[0m[0;34m[0m[0;34m[0m[0;34m[0m[0m

[0;32m~/.conda/envs/xaitools/lib/python3.9/site-packages/pandas/__init__.py[0m in [0;36m<module>[0;34m[0m
[1;32m     14[0m [0;34m[0m[0m
[1;32m     15[0m [0;32mif[0m [0mmissing_dependencies[0m[0;34m:[0m[0;34m[0m[0;34m[0m[0m
[0;32m---> 16[0;31m     raise ImportError(
[0m[1;32m     17[0m         [0;34m"Unable to import required dependencies:\n"[0m [0;34m+[0m [0;34m"\n"[0m[0;34m.[0m[0mjoin[0m[0;34m([0m[0mmissing_dependencies[0m[0;34m)[0m[0;34m[0m[0;34m[0m[0m
[1;32m     18[0m     )

[0;31mImportError[0m: Unable to import required dependencies:
numpy: No module named 'numpy'
ImportError: Unable to import required dependencies:
numpy: No module named 'numpy'

